Inverse,Inverse
Fill,options:Coordinate,x:1,y:1
Inverse,Inverse
Fill,options:holes
Closing,filter:square,size:9
Pick,threshold:3000,operator:larger,option:keep
Openning,filter:square,size:9
Openning,filter:square,size:9
Closing,filter:square,size:9
Dilation,filter:square,size:9
Erosion,filter:square,size:9
Erosion,filter:square,size:9
Erosion,filter:square,size:9
Dilation,filter:square,size:9
Dilation,filter:square,size:9
Erosion,filter:square,size:9
Dilation,filter:square,size:9
TraceBoundary,connection:8,option:noholes
Inverse
Dilation,filter:square,size:3
Inverse
